c:\users\vboxuser\downloads\mimikatz-a2ac6176385294fd8fecdd1acb2c0cbce2dfaa76\mimikatz-a2ac6176385294fd8fecdd1acb2c0cbce2dfaa76\mimikatz\x64\kuhl_m_acr.obj
c:\users\vboxuser\downloads\mimikatz-a2ac6176385294fd8fecdd1acb2c0cbce2dfaa76\mimikatz-a2ac6176385294fd8fecdd1acb2c0cbce2dfaa76\mimikatz\x64\kuhl_m_busylight.obj
c:\users\vboxuser\downloads\mimikatz-a2ac6176385294fd8fecdd1acb2c0cbce2dfaa76\mimikatz-a2ac6176385294fd8fecdd1acb2c0cbce2dfaa76\mimikatz\x64\kuhl_m_crypto.obj
c:\users\vboxuser\downloads\mimikatz-a2ac6176385294fd8fecdd1acb2c0cbce2dfaa76\mimikatz-a2ac6176385294fd8fecdd1acb2c0cbce2dfaa76\mimikatz\x64\kuhl_m_crypto_extractor.obj
c:\users\vboxuser\downloads\mimikatz-a2ac6176385294fd8fecdd1acb2c0cbce2dfaa76\mimikatz-a2ac6176385294fd8fecdd1acb2c0cbce2dfaa76\mimikatz\x64\kuhl_m_crypto_patch.obj
c:\users\vboxuser\downloads\mimikatz-a2ac6176385294fd8fecdd1acb2c0cbce2dfaa76\mimikatz-a2ac6176385294fd8fecdd1acb2c0cbce2dfaa76\mimikatz\x64\kuhl_m_crypto_pki.obj
c:\users\vboxuser\downloads\mimikatz-a2ac6176385294fd8fecdd1acb2c0cbce2dfaa76\mimikatz-a2ac6176385294fd8fecdd1acb2c0cbce2dfaa76\mimikatz\x64\kuhl_m_crypto_sc.obj
c:\users\vboxuser\downloads\mimikatz-a2ac6176385294fd8fecdd1acb2c0cbce2dfaa76\mimikatz-a2ac6176385294fd8fecdd1acb2c0cbce2dfaa76\mimikatz\x64\kuhl_m_dpapi.obj
c:\users\vboxuser\downloads\mimikatz-a2ac6176385294fd8fecdd1acb2c0cbce2dfaa76\mimikatz-a2ac6176385294fd8fecdd1acb2c0cbce2dfaa76\mimikatz\x64\kuhl_m_dpapi_chrome.obj
c:\users\vboxuser\downloads\mimikatz-a2ac6176385294fd8fecdd1acb2c0cbce2dfaa76\mimikatz-a2ac6176385294fd8fecdd1acb2c0cbce2dfaa76\mimikatz\x64\kuhl_m_dpapi_citrix.obj
c:\users\vboxuser\downloads\mimikatz-a2ac6176385294fd8fecdd1acb2c0cbce2dfaa76\mimikatz-a2ac6176385294fd8fecdd1acb2c0cbce2dfaa76\mimikatz\x64\kuhl_m_dpapi_cloudap.obj
c:\users\vboxuser\downloads\mimikatz-a2ac6176385294fd8fecdd1acb2c0cbce2dfaa76\mimikatz-a2ac6176385294fd8fecdd1acb2c0cbce2dfaa76\mimikatz\x64\kuhl_m_dpapi_creds.obj
c:\users\vboxuser\downloads\mimikatz-a2ac6176385294fd8fecdd1acb2c0cbce2dfaa76\mimikatz-a2ac6176385294fd8fecdd1acb2c0cbce2dfaa76\mimikatz\x64\kuhl_m_dpapi_keys.obj
c:\users\vboxuser\downloads\mimikatz-a2ac6176385294fd8fecdd1acb2c0cbce2dfaa76\mimikatz-a2ac6176385294fd8fecdd1acb2c0cbce2dfaa76\mimikatz\x64\kuhl_m_dpapi_lunahsm.obj
c:\users\vboxuser\downloads\mimikatz-a2ac6176385294fd8fecdd1acb2c0cbce2dfaa76\mimikatz-a2ac6176385294fd8fecdd1acb2c0cbce2dfaa76\mimikatz\x64\kuhl_m_dpapi_oe.obj
c:\users\vboxuser\downloads\mimikatz-a2ac6176385294fd8fecdd1acb2c0cbce2dfaa76\mimikatz-a2ac6176385294fd8fecdd1acb2c0cbce2dfaa76\mimikatz\x64\kuhl_m_dpapi_powershell.obj
c:\users\vboxuser\downloads\mimikatz-a2ac6176385294fd8fecdd1acb2c0cbce2dfaa76\mimikatz-a2ac6176385294fd8fecdd1acb2c0cbce2dfaa76\mimikatz\x64\kuhl_m_dpapi_rdg.obj
c:\users\vboxuser\downloads\mimikatz-a2ac6176385294fd8fecdd1acb2c0cbce2dfaa76\mimikatz-a2ac6176385294fd8fecdd1acb2c0cbce2dfaa76\mimikatz\x64\kuhl_m_dpapi_sccm.obj
c:\users\vboxuser\downloads\mimikatz-a2ac6176385294fd8fecdd1acb2c0cbce2dfaa76\mimikatz-a2ac6176385294fd8fecdd1acb2c0cbce2dfaa76\mimikatz\x64\kuhl_m_dpapi_ssh.obj
c:\users\vboxuser\downloads\mimikatz-a2ac6176385294fd8fecdd1acb2c0cbce2dfaa76\mimikatz-a2ac6176385294fd8fecdd1acb2c0cbce2dfaa76\mimikatz\x64\kuhl_m_dpapi_wlan.obj
c:\users\vboxuser\downloads\mimikatz-a2ac6176385294fd8fecdd1acb2c0cbce2dfaa76\mimikatz-a2ac6176385294fd8fecdd1acb2c0cbce2dfaa76\mimikatz\x64\kuhl_m_event.obj
c:\users\vboxuser\downloads\mimikatz-a2ac6176385294fd8fecdd1acb2c0cbce2dfaa76\mimikatz-a2ac6176385294fd8fecdd1acb2c0cbce2dfaa76\mimikatz\x64\kuhl_m_iis.obj
c:\users\vboxuser\downloads\mimikatz-a2ac6176385294fd8fecdd1acb2c0cbce2dfaa76\mimikatz-a2ac6176385294fd8fecdd1acb2c0cbce2dfaa76\mimikatz\x64\kuhl_m_kerberos.obj
c:\users\vboxuser\downloads\mimikatz-a2ac6176385294fd8fecdd1acb2c0cbce2dfaa76\mimikatz-a2ac6176385294fd8fecdd1acb2c0cbce2dfaa76\mimikatz\x64\kuhl_m_kerberos_ccache.obj
c:\users\vboxuser\downloads\mimikatz-a2ac6176385294fd8fecdd1acb2c0cbce2dfaa76\mimikatz-a2ac6176385294fd8fecdd1acb2c0cbce2dfaa76\mimikatz\x64\kuhl_m_kerberos_claims.obj
c:\users\vboxuser\downloads\mimikatz-a2ac6176385294fd8fecdd1acb2c0cbce2dfaa76\mimikatz-a2ac6176385294fd8fecdd1acb2c0cbce2dfaa76\mimikatz\x64\kuhl_m_kerberos_pac.obj
c:\users\vboxuser\downloads\mimikatz-a2ac6176385294fd8fecdd1acb2c0cbce2dfaa76\mimikatz-a2ac6176385294fd8fecdd1acb2c0cbce2dfaa76\mimikatz\x64\kuhl_m_kerberos_ticket.obj
c:\users\vboxuser\downloads\mimikatz-a2ac6176385294fd8fecdd1acb2c0cbce2dfaa76\mimikatz-a2ac6176385294fd8fecdd1acb2c0cbce2dfaa76\mimikatz\x64\kuhl_m_kernel.obj
c:\users\vboxuser\downloads\mimikatz-a2ac6176385294fd8fecdd1acb2c0cbce2dfaa76\mimikatz-a2ac6176385294fd8fecdd1acb2c0cbce2dfaa76\mimikatz\x64\kuhl_m_lsadump.obj
c:\users\vboxuser\downloads\mimikatz-a2ac6176385294fd8fecdd1acb2c0cbce2dfaa76\mimikatz-a2ac6176385294fd8fecdd1acb2c0cbce2dfaa76\mimikatz\x64\kuhl_m_lsadump_dc.obj
c:\users\vboxuser\downloads\mimikatz-a2ac6176385294fd8fecdd1acb2c0cbce2dfaa76\mimikatz-a2ac6176385294fd8fecdd1acb2c0cbce2dfaa76\mimikatz\x64\kuhl_m_lsadump_remote.obj
c:\users\vboxuser\downloads\mimikatz-a2ac6176385294fd8fecdd1acb2c0cbce2dfaa76\mimikatz-a2ac6176385294fd8fecdd1acb2c0cbce2dfaa76\mimikatz\x64\kuhl_m_minesweeper.obj
c:\users\vboxuser\downloads\mimikatz-a2ac6176385294fd8fecdd1acb2c0cbce2dfaa76\mimikatz-a2ac6176385294fd8fecdd1acb2c0cbce2dfaa76\mimikatz\x64\kuhl_m_net.obj
c:\users\vboxuser\downloads\mimikatz-a2ac6176385294fd8fecdd1acb2c0cbce2dfaa76\mimikatz-a2ac6176385294fd8fecdd1acb2c0cbce2dfaa76\mimikatz\x64\kuhl_m_ngc.obj
c:\users\vboxuser\downloads\mimikatz-a2ac6176385294fd8fecdd1acb2c0cbce2dfaa76\mimikatz-a2ac6176385294fd8fecdd1acb2c0cbce2dfaa76\mimikatz\x64\kuhl_m_privilege.obj
c:\users\vboxuser\downloads\mimikatz-a2ac6176385294fd8fecdd1acb2c0cbce2dfaa76\mimikatz-a2ac6176385294fd8fecdd1acb2c0cbce2dfaa76\mimikatz\x64\kuhl_m_process.obj
c:\users\vboxuser\downloads\mimikatz-a2ac6176385294fd8fecdd1acb2c0cbce2dfaa76\mimikatz-a2ac6176385294fd8fecdd1acb2c0cbce2dfaa76\mimikatz\x64\kuhl_m_rdm.obj
c:\users\vboxuser\downloads\mimikatz-a2ac6176385294fd8fecdd1acb2c0cbce2dfaa76\mimikatz-a2ac6176385294fd8fecdd1acb2c0cbce2dfaa76\mimikatz\x64\kuhl_m_sekurlsa.obj
c:\users\vboxuser\downloads\mimikatz-a2ac6176385294fd8fecdd1acb2c0cbce2dfaa76\mimikatz-a2ac6176385294fd8fecdd1acb2c0cbce2dfaa76\mimikatz\x64\kuhl_m_sekurlsa_cloudap.obj
c:\users\vboxuser\downloads\mimikatz-a2ac6176385294fd8fecdd1acb2c0cbce2dfaa76\mimikatz-a2ac6176385294fd8fecdd1acb2c0cbce2dfaa76\mimikatz\x64\kuhl_m_sekurlsa_credman.obj
c:\users\vboxuser\downloads\mimikatz-a2ac6176385294fd8fecdd1acb2c0cbce2dfaa76\mimikatz-a2ac6176385294fd8fecdd1acb2c0cbce2dfaa76\mimikatz\x64\kuhl_m_sekurlsa_dpapi.obj
c:\users\vboxuser\downloads\mimikatz-a2ac6176385294fd8fecdd1acb2c0cbce2dfaa76\mimikatz-a2ac6176385294fd8fecdd1acb2c0cbce2dfaa76\mimikatz\x64\kuhl_m_sekurlsa_kerberos.obj
c:\users\vboxuser\downloads\mimikatz-a2ac6176385294fd8fecdd1acb2c0cbce2dfaa76\mimikatz-a2ac6176385294fd8fecdd1acb2c0cbce2dfaa76\mimikatz\x64\kuhl_m_sekurlsa_livessp.obj
c:\users\vboxuser\downloads\mimikatz-a2ac6176385294fd8fecdd1acb2c0cbce2dfaa76\mimikatz-a2ac6176385294fd8fecdd1acb2c0cbce2dfaa76\mimikatz\x64\kuhl_m_sekurlsa_msv1_0.obj
c:\users\vboxuser\downloads\mimikatz-a2ac6176385294fd8fecdd1acb2c0cbce2dfaa76\mimikatz-a2ac6176385294fd8fecdd1acb2c0cbce2dfaa76\mimikatz\x64\kuhl_m_sekurlsa_nt5.obj
c:\users\vboxuser\downloads\mimikatz-a2ac6176385294fd8fecdd1acb2c0cbce2dfaa76\mimikatz-a2ac6176385294fd8fecdd1acb2c0cbce2dfaa76\mimikatz\x64\kuhl_m_sekurlsa_nt6.obj
c:\users\vboxuser\downloads\mimikatz-a2ac6176385294fd8fecdd1acb2c0cbce2dfaa76\mimikatz-a2ac6176385294fd8fecdd1acb2c0cbce2dfaa76\mimikatz\x64\kuhl_m_sekurlsa_sk.obj
c:\users\vboxuser\downloads\mimikatz-a2ac6176385294fd8fecdd1acb2c0cbce2dfaa76\mimikatz-a2ac6176385294fd8fecdd1acb2c0cbce2dfaa76\mimikatz\x64\kuhl_m_sekurlsa_ssp.obj
c:\users\vboxuser\downloads\mimikatz-a2ac6176385294fd8fecdd1acb2c0cbce2dfaa76\mimikatz-a2ac6176385294fd8fecdd1acb2c0cbce2dfaa76\mimikatz\x64\kuhl_m_sekurlsa_tspkg.obj
c:\users\vboxuser\downloads\mimikatz-a2ac6176385294fd8fecdd1acb2c0cbce2dfaa76\mimikatz-a2ac6176385294fd8fecdd1acb2c0cbce2dfaa76\mimikatz\x64\kuhl_m_sekurlsa_utils.obj
c:\users\vboxuser\downloads\mimikatz-a2ac6176385294fd8fecdd1acb2c0cbce2dfaa76\mimikatz-a2ac6176385294fd8fecdd1acb2c0cbce2dfaa76\mimikatz\x64\kuhl_m_sekurlsa_wdigest.obj
c:\users\vboxuser\downloads\mimikatz-a2ac6176385294fd8fecdd1acb2c0cbce2dfaa76\mimikatz-a2ac6176385294fd8fecdd1acb2c0cbce2dfaa76\mimikatz\x64\kuhl_m_service.obj
c:\users\vboxuser\downloads\mimikatz-a2ac6176385294fd8fecdd1acb2c0cbce2dfaa76\mimikatz-a2ac6176385294fd8fecdd1acb2c0cbce2dfaa76\mimikatz\x64\kuhl_m_service_remote.obj
c:\users\vboxuser\downloads\mimikatz-a2ac6176385294fd8fecdd1acb2c0cbce2dfaa76\mimikatz-a2ac6176385294fd8fecdd1acb2c0cbce2dfaa76\mimikatz\x64\kuhl_m_sid.obj
c:\users\vboxuser\downloads\mimikatz-a2ac6176385294fd8fecdd1acb2c0cbce2dfaa76\mimikatz-a2ac6176385294fd8fecdd1acb2c0cbce2dfaa76\mimikatz\x64\kuhl_m_sr98.obj
c:\users\vboxuser\downloads\mimikatz-a2ac6176385294fd8fecdd1acb2c0cbce2dfaa76\mimikatz-a2ac6176385294fd8fecdd1acb2c0cbce2dfaa76\mimikatz\x64\kuhl_m_standard.obj
c:\users\vboxuser\downloads\mimikatz-a2ac6176385294fd8fecdd1acb2c0cbce2dfaa76\mimikatz-a2ac6176385294fd8fecdd1acb2c0cbce2dfaa76\mimikatz\x64\kuhl_m_sysenvvalue.obj
c:\users\vboxuser\downloads\mimikatz-a2ac6176385294fd8fecdd1acb2c0cbce2dfaa76\mimikatz-a2ac6176385294fd8fecdd1acb2c0cbce2dfaa76\mimikatz\x64\kuhl_m_token.obj
c:\users\vboxuser\downloads\mimikatz-a2ac6176385294fd8fecdd1acb2c0cbce2dfaa76\mimikatz-a2ac6176385294fd8fecdd1acb2c0cbce2dfaa76\mimikatz\x64\kuhl_m_vault.obj
c:\users\vboxuser\downloads\mimikatz-a2ac6176385294fd8fecdd1acb2c0cbce2dfaa76\mimikatz-a2ac6176385294fd8fecdd1acb2c0cbce2dfaa76\mimikatz\x64\kull_m_acr.obj
c:\users\vboxuser\downloads\mimikatz-a2ac6176385294fd8fecdd1acb2c0cbce2dfaa76\mimikatz-a2ac6176385294fd8fecdd1acb2c0cbce2dfaa76\mimikatz\x64\kull_m_asn1.obj
c:\users\vboxuser\downloads\mimikatz-a2ac6176385294fd8fecdd1acb2c0cbce2dfaa76\mimikatz-a2ac6176385294fd8fecdd1acb2c0cbce2dfaa76\mimikatz\x64\kull_m_busylight.obj
c:\users\vboxuser\downloads\mimikatz-a2ac6176385294fd8fecdd1acb2c0cbce2dfaa76\mimikatz-a2ac6176385294fd8fecdd1acb2c0cbce2dfaa76\mimikatz\x64\kull_m_cabinet.obj
c:\users\vboxuser\downloads\mimikatz-a2ac6176385294fd8fecdd1acb2c0cbce2dfaa76\mimikatz-a2ac6176385294fd8fecdd1acb2c0cbce2dfaa76\mimikatz\x64\kull_m_cred.obj
c:\users\vboxuser\downloads\mimikatz-a2ac6176385294fd8fecdd1acb2c0cbce2dfaa76\mimikatz-a2ac6176385294fd8fecdd1acb2c0cbce2dfaa76\mimikatz\x64\kull_m_crypto.obj
c:\users\vboxuser\downloads\mimikatz-a2ac6176385294fd8fecdd1acb2c0cbce2dfaa76\mimikatz-a2ac6176385294fd8fecdd1acb2c0cbce2dfaa76\mimikatz\x64\kull_m_crypto_ngc.obj
c:\users\vboxuser\downloads\mimikatz-a2ac6176385294fd8fecdd1acb2c0cbce2dfaa76\mimikatz-a2ac6176385294fd8fecdd1acb2c0cbce2dfaa76\mimikatz\x64\kull_m_crypto_remote.obj
c:\users\vboxuser\downloads\mimikatz-a2ac6176385294fd8fecdd1acb2c0cbce2dfaa76\mimikatz-a2ac6176385294fd8fecdd1acb2c0cbce2dfaa76\mimikatz\x64\kull_m_crypto_sk.obj
c:\users\vboxuser\downloads\mimikatz-a2ac6176385294fd8fecdd1acb2c0cbce2dfaa76\mimikatz-a2ac6176385294fd8fecdd1acb2c0cbce2dfaa76\mimikatz\x64\kull_m_dpapi.obj
c:\users\vboxuser\downloads\mimikatz-a2ac6176385294fd8fecdd1acb2c0cbce2dfaa76\mimikatz-a2ac6176385294fd8fecdd1acb2c0cbce2dfaa76\mimikatz\x64\kull_m_file.obj
c:\users\vboxuser\downloads\mimikatz-a2ac6176385294fd8fecdd1acb2c0cbce2dfaa76\mimikatz-a2ac6176385294fd8fecdd1acb2c0cbce2dfaa76\mimikatz\x64\kull_m_handle.obj
c:\users\vboxuser\downloads\mimikatz-a2ac6176385294fd8fecdd1acb2c0cbce2dfaa76\mimikatz-a2ac6176385294fd8fecdd1acb2c0cbce2dfaa76\mimikatz\x64\kull_m_hid.obj
c:\users\vboxuser\downloads\mimikatz-a2ac6176385294fd8fecdd1acb2c0cbce2dfaa76\mimikatz-a2ac6176385294fd8fecdd1acb2c0cbce2dfaa76\mimikatz\x64\kull_m_kernel.obj
c:\users\vboxuser\downloads\mimikatz-a2ac6176385294fd8fecdd1acb2c0cbce2dfaa76\mimikatz-a2ac6176385294fd8fecdd1acb2c0cbce2dfaa76\mimikatz\x64\kull_m_key.obj
c:\users\vboxuser\downloads\mimikatz-a2ac6176385294fd8fecdd1acb2c0cbce2dfaa76\mimikatz-a2ac6176385294fd8fecdd1acb2c0cbce2dfaa76\mimikatz\x64\kull_m_ldap.obj
c:\users\vboxuser\downloads\mimikatz-a2ac6176385294fd8fecdd1acb2c0cbce2dfaa76\mimikatz-a2ac6176385294fd8fecdd1acb2c0cbce2dfaa76\mimikatz\x64\kull_m_memory.obj
c:\users\vboxuser\downloads\mimikatz-a2ac6176385294fd8fecdd1acb2c0cbce2dfaa76\mimikatz-a2ac6176385294fd8fecdd1acb2c0cbce2dfaa76\mimikatz\x64\kull_m_minidump.obj
c:\users\vboxuser\downloads\mimikatz-a2ac6176385294fd8fecdd1acb2c0cbce2dfaa76\mimikatz-a2ac6176385294fd8fecdd1acb2c0cbce2dfaa76\mimikatz\x64\kull_m_net.obj
c:\users\vboxuser\downloads\mimikatz-a2ac6176385294fd8fecdd1acb2c0cbce2dfaa76\mimikatz-a2ac6176385294fd8fecdd1acb2c0cbce2dfaa76\mimikatz\x64\kull_m_output.obj
c:\users\vboxuser\downloads\mimikatz-a2ac6176385294fd8fecdd1acb2c0cbce2dfaa76\mimikatz-a2ac6176385294fd8fecdd1acb2c0cbce2dfaa76\mimikatz\x64\kull_m_patch.obj
c:\users\vboxuser\downloads\mimikatz-a2ac6176385294fd8fecdd1acb2c0cbce2dfaa76\mimikatz-a2ac6176385294fd8fecdd1acb2c0cbce2dfaa76\mimikatz\x64\kull_m_pipe.obj
c:\users\vboxuser\downloads\mimikatz-a2ac6176385294fd8fecdd1acb2c0cbce2dfaa76\mimikatz-a2ac6176385294fd8fecdd1acb2c0cbce2dfaa76\mimikatz\x64\kull_m_pn532.obj
c:\users\vboxuser\downloads\mimikatz-a2ac6176385294fd8fecdd1acb2c0cbce2dfaa76\mimikatz-a2ac6176385294fd8fecdd1acb2c0cbce2dfaa76\mimikatz\x64\kull_m_process.obj
c:\users\vboxuser\downloads\mimikatz-a2ac6176385294fd8fecdd1acb2c0cbce2dfaa76\mimikatz-a2ac6176385294fd8fecdd1acb2c0cbce2dfaa76\mimikatz\x64\kull_m_rdm.obj
c:\users\vboxuser\downloads\mimikatz-a2ac6176385294fd8fecdd1acb2c0cbce2dfaa76\mimikatz-a2ac6176385294fd8fecdd1acb2c0cbce2dfaa76\mimikatz\x64\kull_m_registry.obj
c:\users\vboxuser\downloads\mimikatz-a2ac6176385294fd8fecdd1acb2c0cbce2dfaa76\mimikatz-a2ac6176385294fd8fecdd1acb2c0cbce2dfaa76\mimikatz\x64\kull_m_remotelib.obj
c:\users\vboxuser\downloads\mimikatz-a2ac6176385294fd8fecdd1acb2c0cbce2dfaa76\mimikatz-a2ac6176385294fd8fecdd1acb2c0cbce2dfaa76\mimikatz\x64\kull_m_rpc.obj
c:\users\vboxuser\downloads\mimikatz-a2ac6176385294fd8fecdd1acb2c0cbce2dfaa76\mimikatz-a2ac6176385294fd8fecdd1acb2c0cbce2dfaa76\mimikatz\x64\kull_m_rpc_bkrp.obj
c:\users\vboxuser\downloads\mimikatz-a2ac6176385294fd8fecdd1acb2c0cbce2dfaa76\mimikatz-a2ac6176385294fd8fecdd1acb2c0cbce2dfaa76\mimikatz\x64\kull_m_rpc_dpapi-entries.obj
c:\users\vboxuser\downloads\mimikatz-a2ac6176385294fd8fecdd1acb2c0cbce2dfaa76\mimikatz-a2ac6176385294fd8fecdd1acb2c0cbce2dfaa76\mimikatz\x64\kull_m_rpc_drsr.obj
c:\users\vboxuser\downloads\mimikatz-a2ac6176385294fd8fecdd1acb2c0cbce2dfaa76\mimikatz-a2ac6176385294fd8fecdd1acb2c0cbce2dfaa76\mimikatz\x64\kull_m_rpc_mimicom.obj
c:\users\vboxuser\downloads\mimikatz-a2ac6176385294fd8fecdd1acb2c0cbce2dfaa76\mimikatz-a2ac6176385294fd8fecdd1acb2c0cbce2dfaa76\mimikatz\x64\kull_m_rpc_ms-bkrp_c.obj
c:\users\vboxuser\downloads\mimikatz-a2ac6176385294fd8fecdd1acb2c0cbce2dfaa76\mimikatz-a2ac6176385294fd8fecdd1acb2c0cbce2dfaa76\mimikatz\x64\kull_m_rpc_ms-claims.obj
c:\users\vboxuser\downloads\mimikatz-a2ac6176385294fd8fecdd1acb2c0cbce2dfaa76\mimikatz-a2ac6176385294fd8fecdd1acb2c0cbce2dfaa76\mimikatz\x64\kull_m_rpc_ms-credentialkeys.obj
c:\users\vboxuser\downloads\mimikatz-a2ac6176385294fd8fecdd1acb2c0cbce2dfaa76\mimikatz-a2ac6176385294fd8fecdd1acb2c0cbce2dfaa76\mimikatz\x64\kull_m_rpc_ms-dcom_iobjectexporter_c.obj
c:\users\vboxuser\downloads\mimikatz-a2ac6176385294fd8fecdd1acb2c0cbce2dfaa76\mimikatz-a2ac6176385294fd8fecdd1acb2c0cbce2dfaa76\mimikatz\x64\kull_m_rpc_ms-drsr_c.obj
c:\users\vboxuser\downloads\mimikatz-a2ac6176385294fd8fecdd1acb2c0cbce2dfaa76\mimikatz-a2ac6176385294fd8fecdd1acb2c0cbce2dfaa76\mimikatz\x64\kull_m_rpc_ms-efsr_c.obj
c:\users\vboxuser\downloads\mimikatz-a2ac6176385294fd8fecdd1acb2c0cbce2dfaa76\mimikatz-a2ac6176385294fd8fecdd1acb2c0cbce2dfaa76\mimikatz\x64\kull_m_rpc_ms-nrpc_c.obj
c:\users\vboxuser\downloads\mimikatz-a2ac6176385294fd8fecdd1acb2c0cbce2dfaa76\mimikatz-a2ac6176385294fd8fecdd1acb2c0cbce2dfaa76\mimikatz\x64\kull_m_rpc_ms-odj.obj
c:\users\vboxuser\downloads\mimikatz-a2ac6176385294fd8fecdd1acb2c0cbce2dfaa76\mimikatz-a2ac6176385294fd8fecdd1acb2c0cbce2dfaa76\mimikatz\x64\kull_m_rpc_ms-pac.obj
c:\users\vboxuser\downloads\mimikatz-a2ac6176385294fd8fecdd1acb2c0cbce2dfaa76\mimikatz-a2ac6176385294fd8fecdd1acb2c0cbce2dfaa76\mimikatz\x64\kull_m_service.obj
c:\users\vboxuser\downloads\mimikatz-a2ac6176385294fd8fecdd1acb2c0cbce2dfaa76\mimikatz-a2ac6176385294fd8fecdd1acb2c0cbce2dfaa76\mimikatz\x64\kull_m_sr98.obj
c:\users\vboxuser\downloads\mimikatz-a2ac6176385294fd8fecdd1acb2c0cbce2dfaa76\mimikatz-a2ac6176385294fd8fecdd1acb2c0cbce2dfaa76\mimikatz\x64\kull_m_string.obj
c:\users\vboxuser\downloads\mimikatz-a2ac6176385294fd8fecdd1acb2c0cbce2dfaa76\mimikatz-a2ac6176385294fd8fecdd1acb2c0cbce2dfaa76\mimikatz\x64\kull_m_token.obj
c:\users\vboxuser\downloads\mimikatz-a2ac6176385294fd8fecdd1acb2c0cbce2dfaa76\mimikatz-a2ac6176385294fd8fecdd1acb2c0cbce2dfaa76\mimikatz\x64\kull_m_xml.obj
c:\users\vboxuser\downloads\mimikatz-a2ac6176385294fd8fecdd1acb2c0cbce2dfaa76\mimikatz-a2ac6176385294fd8fecdd1acb2c0cbce2dfaa76\mimikatz\x64\vc143.pdb
c:\users\vboxuser\downloads\mimikatz-a2ac6176385294fd8fecdd1acb2c0cbce2dfaa76\mimikatz-a2ac6176385294fd8fecdd1acb2c0cbce2dfaa76\mimikatz\x64\mimikatz.tlog\cl.command.1.tlog
